2019-03-06 06:42:24 INFO  DAOCourse:36 - User: 1
2019-03-06 06:42:24 INFO  DAOCourse:37 - Email: POO
2019-03-06 06:42:24 INFO  DAOCourse:38 - Website: Programacion Orientada a Objetos
2019-03-06 06:42:24 INFO  DAOCourse:39 - summary: 35
2019-03-06 06:42:24 INFO  DAOCourse:40 - Comment: 30
2019-03-06 06:42:24 INFO  DAOCourse:36 - User: 2
2019-03-06 06:42:24 INFO  DAOCourse:37 - Email: BD
2019-03-06 06:42:24 INFO  DAOCourse:38 - Website: Base De Datos
2019-03-06 06:42:24 INFO  DAOCourse:39 - summary: 25
2019-03-06 06:42:24 INFO  DAOCourse:40 - Comment: 40
2019-03-06 06:42:24 INFO  DAOCourse:36 - User: 3
2019-03-06 06:42:24 INFO  DAOCourse:37 - Email: AMI
2019-03-06 06:42:24 INFO  DAOCourse:38 - Website: Analisis Matematico I
2019-03-06 06:42:24 INFO  DAOCourse:39 - summary: 25
2019-03-06 06:42:24 INFO  DAOCourse:40 - Comment: 50
2019-03-06 06:42:24 INFO  DAOCourse:36 - User: 4
2019-03-06 06:42:24 INFO  DAOCourse:37 - Email: CDI
2019-03-06 06:42:24 INFO  DAOCourse:38 - Website: Calculo Diferencial e Integral
2019-03-06 06:42:24 INFO  DAOCourse:39 - summary: 35
2019-03-06 06:42:24 INFO  DAOCourse:40 - Comment: 40
2019-03-06 06:42:24 INFO  DAOCourse:36 - User: 5
2019-03-06 06:42:24 INFO  DAOCourse:37 - Email: IP
2019-03-06 06:42:24 INFO  DAOCourse:38 - Website: Introduccion a la Programacion
2019-03-06 06:42:24 INFO  DAOCourse:39 - summary: 35
2019-03-06 06:42:24 INFO  DAOCourse:40 - Comment: 30
2019-03-06 06:42:24 INFO  DAOCourse:36 - User: 6
2019-03-06 06:42:24 INFO  DAOCourse:37 - Email: AyDA
2019-03-06 06:42:24 INFO  DAOCourse:38 - Website: Analisis y Diseño de Algoritmos
2019-03-06 06:42:24 INFO  DAOCourse:39 - summary: 40
2019-03-06 06:42:24 INFO  DAOCourse:40 - Comment: 35
2019-03-06 06:42:24 INFO  DAOCourse:36 - User: 7
2019-03-06 06:42:24 INFO  DAOCourse:37 - Email: EyM
2019-03-06 06:42:24 INFO  DAOCourse:38 - Website: Electricidad y Magnetismo
2019-03-06 06:42:24 INFO  DAOCourse:39 - summary: 35
2019-03-06 06:42:24 INFO  DAOCourse:40 - Comment: 30
2019-03-06 06:42:24 INFO  DAOCourse:36 - User: 8
2019-03-06 06:42:24 INFO  DAOCourse:37 - Email: EyAD
2019-03-06 06:42:24 INFO  DAOCourse:38 - Website: Estructura y Almacenamiento de Datos
2019-03-06 06:42:24 INFO  DAOCourse:39 - summary: 35
2019-03-06 06:42:24 INFO  DAOCourse:40 - Comment: 30
2019-03-06 06:42:24 INFO  DAOCourse:36 - User: 9
2019-03-06 06:42:24 INFO  DAOCourse:37 - Email: AS
2019-03-06 06:42:24 INFO  DAOCourse:38 - Website: Arquitectura de Sistemas
2019-03-06 06:42:24 INFO  DAOCourse:39 - summary: 25
2019-03-06 06:42:24 INFO  DAOCourse:40 - Comment: 50
2019-03-06 06:42:24 INFO  DAOCourse:36 - User: 10
2019-03-06 06:42:24 INFO  DAOCourse:37 - Email: MD
2019-03-06 06:42:24 INFO  DAOCourse:38 - Website: Matematica Discreta
2019-03-06 06:42:24 INFO  DAOCourse:39 - summary: 35
2019-03-06 06:42:24 INFO  DAOCourse:40 - Comment: 30
2019-03-07 23:04:17 INFO  DAOCourse:37 - ID: 1
2019-03-07 23:04:17 INFO  DAOCourse:38 - NAME: POO
2019-03-07 23:04:17 INFO  DAOCourse:39 - DESCRIPTION: Programacion Orientada a Objetos
2019-03-07 23:04:17 INFO  DAOCourse:40 - DUARATION: 35
2019-03-07 23:04:17 INFO  DAOCourse:41 - LIMIT_PERSON: 30
2019-03-07 23:04:17 INFO  DAOCourse:37 - ID: 2
2019-03-07 23:04:17 INFO  DAOCourse:38 - NAME: BD
2019-03-07 23:04:17 INFO  DAOCourse:39 - DESCRIPTION: Base De Datos
2019-03-07 23:04:17 INFO  DAOCourse:40 - DUARATION: 25
2019-03-07 23:04:17 INFO  DAOCourse:41 - LIMIT_PERSON: 40
2019-03-07 23:04:17 INFO  DAOCourse:37 - ID: 3
2019-03-07 23:04:17 INFO  DAOCourse:38 - NAME: AMI
2019-03-07 23:04:17 INFO  DAOCourse:39 - DESCRIPTION: Analisis Matematico I
2019-03-07 23:04:17 INFO  DAOCourse:40 - DUARATION: 25
2019-03-07 23:04:17 INFO  DAOCourse:41 - LIMIT_PERSON: 50
2019-03-07 23:04:17 INFO  DAOCourse:37 - ID: 4
2019-03-07 23:04:17 INFO  DAOCourse:38 - NAME: CDI
2019-03-07 23:04:17 INFO  DAOCourse:39 - DESCRIPTION: Calculo Diferencial e Integral
2019-03-07 23:04:17 INFO  DAOCourse:40 - DUARATION: 35
2019-03-07 23:04:17 INFO  DAOCourse:41 - LIMIT_PERSON: 40
2019-03-07 23:04:17 INFO  DAOCourse:37 - ID: 5
2019-03-07 23:04:17 INFO  DAOCourse:38 - NAME: IP
2019-03-07 23:04:17 INFO  DAOCourse:39 - DESCRIPTION: Introduccion a la Programacion
2019-03-07 23:04:17 INFO  DAOCourse:40 - DUARATION: 35
2019-03-07 23:04:17 INFO  DAOCourse:41 - LIMIT_PERSON: 30
2019-03-07 23:04:17 INFO  DAOCourse:37 - ID: 6
2019-03-07 23:04:17 INFO  DAOCourse:38 - NAME: AyDA
2019-03-07 23:04:17 INFO  DAOCourse:39 - DESCRIPTION: Analisis y Diseño de Algoritmos
2019-03-07 23:04:17 INFO  DAOCourse:40 - DUARATION: 40
2019-03-07 23:04:17 INFO  DAOCourse:41 - LIMIT_PERSON: 35
2019-03-07 23:04:17 INFO  DAOCourse:37 - ID: 7
2019-03-07 23:04:17 INFO  DAOCourse:38 - NAME: EyM
2019-03-07 23:04:17 INFO  DAOCourse:39 - DESCRIPTION: Electricidad y Magnetismo
2019-03-07 23:04:17 INFO  DAOCourse:40 - DUARATION: 35
2019-03-07 23:04:17 INFO  DAOCourse:41 - LIMIT_PERSON: 30
2019-03-07 23:04:17 INFO  DAOCourse:37 - ID: 8
2019-03-07 23:04:17 INFO  DAOCourse:38 - NAME: EyAD
2019-03-07 23:04:17 INFO  DAOCourse:39 - DESCRIPTION: Estructura y Almacenamiento de Datos
2019-03-07 23:04:17 INFO  DAOCourse:40 - DUARATION: 35
2019-03-07 23:04:17 INFO  DAOCourse:41 - LIMIT_PERSON: 30
2019-03-07 23:04:17 INFO  DAOCourse:37 - ID: 9
2019-03-07 23:04:17 INFO  DAOCourse:38 - NAME: AS
2019-03-07 23:04:17 INFO  DAOCourse:39 - DESCRIPTION: Arquitectura de Sistemas
2019-03-07 23:04:17 INFO  DAOCourse:40 - DUARATION: 25
2019-03-07 23:04:17 INFO  DAOCourse:41 - LIMIT_PERSON: 50
2019-03-07 23:04:17 INFO  DAOCourse:37 - ID: 10
2019-03-07 23:04:17 INFO  DAOCourse:38 - NAME: MD
2019-03-07 23:04:17 INFO  DAOCourse:39 - DESCRIPTION: Matematica Discreta
2019-03-07 23:04:17 INFO  DAOCourse:40 - DUARATION: 35
2019-03-07 23:04:17 INFO  DAOCourse:41 - LIMIT_PERSON: 30
2019-03-07 23:12:24 INFO  DAOCourse:36 - ID COURSE: 1 NAME COURSE: POO DESCRIPTION: Programacion Orientada a Objetos DURATION: 35 LIMIT PERSON: 30
2019-03-07 23:12:24 INFO  DAOCourse:36 - ID COURSE: 2 NAME COURSE: BD DESCRIPTION: Base De Datos DURATION: 25 LIMIT PERSON: 40
2019-03-07 23:12:24 INFO  DAOCourse:36 - ID COURSE: 3 NAME COURSE: AMI DESCRIPTION: Analisis Matematico I DURATION: 25 LIMIT PERSON: 50
2019-03-07 23:12:24 INFO  DAOCourse:36 - ID COURSE: 4 NAME COURSE: CDI DESCRIPTION: Calculo Diferencial e Integral DURATION: 35 LIMIT PERSON: 40
2019-03-07 23:12:24 INFO  DAOCourse:36 - ID COURSE: 5 NAME COURSE: IP DESCRIPTION: Introduccion a la Programacion DURATION: 35 LIMIT PERSON: 30
2019-03-07 23:12:24 INFO  DAOCourse:36 - ID COURSE: 6 NAME COURSE: AyDA DESCRIPTION: Analisis y Diseño de Algoritmos DURATION: 40 LIMIT PERSON: 35
2019-03-07 23:12:24 INFO  DAOCourse:36 - ID COURSE: 7 NAME COURSE: EyM DESCRIPTION: Electricidad y Magnetismo DURATION: 35 LIMIT PERSON: 30
2019-03-07 23:12:24 INFO  DAOCourse:36 - ID COURSE: 8 NAME COURSE: EyAD DESCRIPTION: Estructura y Almacenamiento de Datos DURATION: 35 LIMIT PERSON: 30
2019-03-07 23:12:24 INFO  DAOCourse:36 - ID COURSE: 9 NAME COURSE: AS DESCRIPTION: Arquitectura de Sistemas DURATION: 25 LIMIT PERSON: 50
2019-03-07 23:12:24 INFO  DAOCourse:36 - ID COURSE: 10 NAME COURSE: MD DESCRIPTION: Matematica Discreta DURATION: 35 LIMIT PERSON: 30
