2019-03-01 15:26:49 DEBUG DataSourceTest1:32 - Conectado a base de datos
2019-03-01 15:26:52 DEBUG DataSourceTest1:32 - Conectado a base de datos
2019-03-01 15:26:52 DEBUG DataSourceTest1:32 - Conectado a base de datos
2019-03-01 15:26:52 DEBUG DataSourceTest1:32 - Conectado a base de datos
2019-03-01 15:27:41 DEBUG DataSourceTest1:32 - Conectado a base de datos
2019-03-01 15:27:42 DEBUG DataSourceTest1:32 - Conectado a base de datos
2019-03-01 15:27:42 DEBUG DataSourceTest1:32 - Conectado a base de datos
2019-03-01 15:27:42 DEBUG DataSourceTest1:32 - Conectado a base de datos
2019-03-01 15:43:56 INFO  DataSourceTest:136 - 1
2019-03-01 15:43:56 INFO  DataSourceTest:137 - OOP
2019-03-01 15:43:56 INFO  DataSourceTest:138 - OOP
2019-03-01 15:43:56 INFO  DataSourceTest:136 - 2
2019-03-01 15:43:56 INFO  DataSourceTest:137 - Math1
2019-03-01 15:43:56 INFO  DataSourceTest:138 - Math1
2019-03-01 15:43:56 INFO  DataSourceTest:136 - 3
2019-03-01 15:43:56 INFO  DataSourceTest:137 - Wpro
2019-03-01 15:43:56 INFO  DataSourceTest:138 - Wpro
2019-03-01 15:46:33 INFO  DataSourceTest:136 - 1
2019-03-01 15:46:33 INFO  DataSourceTest:137 - OOP
2019-03-01 15:46:33 INFO  DataSourceTest:138 - OOP
2019-03-01 15:46:33 ERROR DataSourceTest:140 - g
2019-03-01 15:46:33 INFO  DataSourceTest:136 - 2
2019-03-01 15:46:33 INFO  DataSourceTest:137 - Math1
2019-03-01 15:46:33 INFO  DataSourceTest:138 - Math1
2019-03-01 15:46:33 ERROR DataSourceTest:140 - g
2019-03-01 15:46:33 INFO  DataSourceTest:136 - 3
2019-03-01 15:46:33 INFO  DataSourceTest:137 - Wpro
2019-03-01 15:46:33 INFO  DataSourceTest:138 - Wpro
2019-03-01 15:46:33 ERROR DataSourceTest:140 - g
2019-03-01 15:47:04 INFO  DataSourceTest:136 - 1
2019-03-01 15:47:04 INFO  DataSourceTest:137 - OOP
2019-03-01 15:47:04 INFO  DataSourceTest:138 - Objecr Orient Programming
2019-03-01 15:47:04 INFO  DataSourceTest:136 - 2
2019-03-01 15:47:04 INFO  DataSourceTest:137 - Math1
2019-03-01 15:47:04 INFO  DataSourceTest:138 - Mathematics 1
2019-03-01 15:47:04 INFO  DataSourceTest:136 - 3
2019-03-01 15:47:04 INFO  DataSourceTest:137 - Wpro
2019-03-01 15:47:04 INFO  DataSourceTest:138 - Web programming
2019-03-01 15:47:43 INFO  DataSourceTest:136 - 1OOPObjecr Orient Programming
2019-03-01 15:47:43 INFO  DataSourceTest:136 - 2Math1Mathematics 1
2019-03-01 15:47:43 INFO  DataSourceTest:136 - 3WproWeb programming
2019-03-01 15:51:05 DEBUG DataSourceTest:32 - Connected to database
2019-03-01 15:51:06 INFO  DataSourceTest:136 - 1 OOP Objecr Orient Programming
2019-03-01 15:51:06 INFO  DataSourceTest:136 - 2 Math1 Mathematics 1
2019-03-01 15:51:06 INFO  DataSourceTest:136 - 3 Wpro Web programming
2019-03-01 15:51:06 DEBUG DataSourceTest:145 - Connected to finalized database
2019-03-01 15:51:06 DEBUG DataSourceTest:32 - Connected to database
2019-03-01 15:51:06 DEBUG DataSourceTest:145 - Connected to finalized database
2019-03-01 15:51:06 DEBUG DataSourceTest:32 - Connected to database
2019-03-01 15:51:06 DEBUG DataSourceTest:145 - Connected to finalized database
2019-03-01 15:51:06 DEBUG DataSourceTest:32 - Connected to database
2019-03-01 15:51:06 DEBUG DataSourceTest:145 - Connected to finalized database
2019-03-01 16:04:05 DEBUG DataSourceTest:32 - Connected to database
2019-03-01 16:04:08 INFO  DataSourceTest:139 - 1 OOP Objecr Orient Programming
2019-03-01 16:04:08 INFO  DataSourceTest:139 - 2 Math1 Mathematics 1
2019-03-01 16:04:08 INFO  DataSourceTest:139 - 3 Wpro Web programming
2019-03-01 16:04:08 DEBUG DataSourceTest:148 - Connected to finalized database
2019-03-01 16:04:08 DEBUG DataSourceTest:32 - Connected to database
2019-03-01 16:04:09 DEBUG DataSourceTest:148 - Connected to finalized database
2019-03-01 16:04:09 DEBUG DataSourceTest:32 - Connected to database
2019-03-01 16:04:10 DEBUG DataSourceTest:148 - Connected to finalized database
2019-03-01 16:04:10 DEBUG DataSourceTest:32 - Connected to database
2019-03-01 16:04:10 DEBUG DataSourceTest:148 - Connected to finalized database
2019-03-01 16:10:10 DEBUG DataSourceTest:32 - Connected to database
2019-03-01 16:10:12 DEBUG DataSourceTest:148 - Connected to finalized database
2019-03-01 16:10:12 DEBUG DataSourceTest:32 - Connected to database
2019-03-01 16:10:12 DEBUG DataSourceTest:148 - Connected to finalized database
2019-03-01 16:10:12 DEBUG DataSourceTest:32 - Connected to database
2019-03-01 16:10:13 DEBUG DataSourceTest:148 - Connected to finalized database
2019-03-01 16:10:13 DEBUG DataSourceTest:32 - Connected to database
2019-03-01 16:10:13 DEBUG DataSourceTest:148 - Connected to finalized database
2019-03-01 16:11:11 DEBUG DataSourceTest:32 - Connected to database
2019-03-01 16:11:12 DEBUG DataSourceTest:148 - Connected to finalized database
2019-03-01 16:11:12 DEBUG DataSourceTest:32 - Connected to database
2019-03-01 16:11:12 DEBUG DataSourceTest:148 - Connected to finalized database
2019-03-01 16:11:12 DEBUG DataSourceTest:32 - Connected to database
2019-03-01 16:11:12 DEBUG DataSourceTest:148 - Connected to finalized database
2019-03-01 16:11:12 DEBUG DataSourceTest:32 - Connected to database
2019-03-01 16:11:12 DEBUG DataSourceTest:148 - Connected to finalized database
2019-03-01 16:13:05 DEBUG DataSourceTest:32 - Connected to database
2019-03-01 16:13:07 DEBUG DataSourceTest:148 - Connected to finalized database
2019-03-01 16:13:07 DEBUG DataSourceTest:32 - Connected to database
2019-03-01 16:13:07 DEBUG DataSourceTest:148 - Connected to finalized database
2019-03-01 16:13:07 DEBUG DataSourceTest:32 - Connected to database
2019-03-01 16:13:07 DEBUG DataSourceTest:148 - Connected to finalized database
2019-03-01 16:13:07 DEBUG DataSourceTest:32 - Connected to database
2019-03-01 16:13:08 DEBUG DataSourceTest:148 - Connected to finalized database
2019-03-01 17:06:25 DEBUG DataSourceTest:32 - Connected to database
2019-03-01 17:06:27 DEBUG DataSourceTest:148 - Connected to finalized database
2019-03-01 17:06:27 DEBUG DataSourceTest:32 - Connected to database
2019-03-01 17:06:27 DEBUG DataSourceTest:148 - Connected to finalized database
2019-03-01 17:06:27 DEBUG DataSourceTest:32 - Connected to database
2019-03-01 17:06:27 DEBUG DataSourceTest:148 - Connected to finalized database
2019-03-01 17:06:27 DEBUG DataSourceTest:32 - Connected to database
2019-03-01 17:06:27 DEBUG DataSourceTest:148 - Connected to finalized database
2019-03-01 17:06:59 DEBUG DataSourceTest:45 - Connected to database
2019-03-01 17:07:00 DEBUG DataSourceTest:161 - Connected to finalized database
2019-03-01 17:07:00 DEBUG DataSourceTest:45 - Connected to database
2019-03-01 17:07:00 DEBUG DataSourceTest:161 - Connected to finalized database
2019-03-01 17:07:00 DEBUG DataSourceTest:45 - Connected to database
2019-03-01 17:07:00 DEBUG DataSourceTest:161 - Connected to finalized database
2019-03-01 17:07:00 DEBUG DataSourceTest:45 - Connected to database
2019-03-01 17:07:00 DEBUG DataSourceTest:161 - Connected to finalized database
2019-03-01 17:07:00 DEBUG DataSourceTest:45 - Connected to database
2019-03-01 17:07:00 DEBUG DataSourceTest:161 - Connected to finalized database
2019-03-01 17:12:20 DEBUG DataSourceTest:50 - Connected to database
2019-03-01 17:12:21 DEBUG DataSourceTest:166 - Connected to finalized database
2019-03-01 17:12:21 DEBUG DataSourceTest:50 - Connected to database
2019-03-01 17:12:21 DEBUG DataSourceTest:166 - Connected to finalized database
2019-03-01 17:12:21 DEBUG DataSourceTest:50 - Connected to database
2019-03-01 17:12:21 DEBUG DataSourceTest:166 - Connected to finalized database
2019-03-01 17:12:21 DEBUG DataSourceTest:50 - Connected to database
2019-03-01 17:12:22 DEBUG DataSourceTest:166 - Connected to finalized database
2019-03-01 17:12:22 DEBUG DataSourceTest:50 - Connected to database
2019-03-01 17:12:22 DEBUG DataSourceTest:30 - Andres
2019-03-01 17:12:22 DEBUG DataSourceTest:166 - Connected to finalized database
2019-03-01 17:13:09 DEBUG DataSourceTest:50 - Connected to database
2019-03-01 17:13:10 DEBUG DataSourceTest:166 - Connected to finalized database
2019-03-01 17:13:10 DEBUG DataSourceTest:50 - Connected to database
2019-03-01 17:13:10 DEBUG DataSourceTest:166 - Connected to finalized database
2019-03-01 17:13:10 DEBUG DataSourceTest:50 - Connected to database
2019-03-01 17:13:11 DEBUG DataSourceTest:166 - Connected to finalized database
2019-03-01 17:13:11 DEBUG DataSourceTest:50 - Connected to database
2019-03-01 17:13:11 DEBUG DataSourceTest:166 - Connected to finalized database
2019-03-01 17:13:11 DEBUG DataSourceTest:50 - Connected to database
2019-03-01 17:13:11 DEBUG DataSourceTest:30 - Andres
2019-03-01 17:13:11 DEBUG DataSourceTest:166 - Connected to finalized database
2019-03-01 17:17:19 DEBUG DataSourceTest:53 - Connected to database
2019-03-01 17:17:21 DEBUG DataSourceTest:169 - Connected to finalized database
2019-03-01 17:17:21 DEBUG DataSourceTest:53 - Connected to database
2019-03-01 17:17:21 DEBUG DataSourceTest:169 - Connected to finalized database
2019-03-01 17:17:21 DEBUG DataSourceTest:53 - Connected to database
2019-03-01 17:17:22 DEBUG DataSourceTest:169 - Connected to finalized database
2019-03-01 17:17:22 DEBUG DataSourceTest:53 - Connected to database
2019-03-01 17:17:22 DEBUG DataSourceTest:169 - Connected to finalized database
2019-03-01 17:17:22 DEBUG DataSourceTest:53 - Connected to database
2019-03-01 17:17:22 DEBUG DataSourceTest:29 - Andres
2019-03-01 17:17:22 DEBUG DataSourceTest:33 - Andres
2019-03-01 17:17:22 DEBUG DataSourceTest:169 - Connected to finalized database
2019-03-01 17:19:51 DEBUG DataSourceTest:51 - Connected to database
2019-03-01 17:19:53 DEBUG DataSourceTest:167 - Connected to finalized database
2019-03-01 17:19:53 DEBUG DataSourceTest:51 - Connected to database
2019-03-01 17:19:53 DEBUG DataSourceTest:167 - Connected to finalized database
2019-03-01 17:19:53 DEBUG DataSourceTest:51 - Connected to database
2019-03-01 17:19:53 DEBUG DataSourceTest:167 - Connected to finalized database
2019-03-01 17:19:53 DEBUG DataSourceTest:51 - Connected to database
2019-03-01 17:19:53 DEBUG DataSourceTest:167 - Connected to finalized database
2019-03-01 17:19:53 DEBUG DataSourceTest:51 - Connected to database
2019-03-01 17:19:53 DEBUG DataSourceTest:27 - Nombre core.com.capgemini.heskuelita.beans.Student@15dc339f
2019-03-01 17:19:53 DEBUG DataSourceTest:31 - zip code 1888
2019-03-01 17:19:53 DEBUG DataSourceTest:167 - Connected to finalized database
2019-03-01 17:25:41 DEBUG DataSourceTest:50 - Connected to database
2019-03-01 17:25:42 DEBUG DataSourceTest:166 - Connected to finalized database
2019-03-01 17:25:42 DEBUG DataSourceTest:50 - Connected to database
2019-03-01 17:25:42 DEBUG DataSourceTest:166 - Connected to finalized database
2019-03-01 17:25:42 DEBUG DataSourceTest:50 - Connected to database
2019-03-01 17:25:43 DEBUG DataSourceTest:166 - Connected to finalized database
2019-03-01 17:25:43 DEBUG DataSourceTest:50 - Connected to database
2019-03-01 17:25:43 DEBUG DataSourceTest:166 - Connected to finalized database
2019-03-01 17:25:43 DEBUG DataSourceTest:50 - Connected to database
2019-03-01 17:25:43 DEBUG DataSourceTest:27 - Nombre core.com.capgemini.heskuelita.beans.Student@66420549
2019-03-01 17:25:43 DEBUG DataSourceTest:166 - Connected to finalized database
2019-03-01 17:30:14 DEBUG DataSourceTest:55 - Connected to database
2019-03-01 17:30:16 DEBUG DataSourceTest:171 - Connected to finalized database
2019-03-01 17:30:16 DEBUG DataSourceTest:55 - Connected to database
2019-03-01 17:30:16 DEBUG DataSourceTest:171 - Connected to finalized database
2019-03-01 17:30:16 DEBUG DataSourceTest:55 - Connected to database
2019-03-01 17:30:16 DEBUG DataSourceTest:171 - Connected to finalized database
2019-03-01 17:30:16 DEBUG DataSourceTest:55 - Connected to database
2019-03-01 17:30:16 DEBUG DataSourceTest:171 - Connected to finalized database
2019-03-01 17:30:16 DEBUG DataSourceTest:55 - Connected to database
2019-03-01 17:30:16 DEBUG DataSourceTest:171 - Connected to finalized database
2019-03-01 17:35:05 DEBUG DataSourceTest:53 - Connected to database
2019-03-01 17:35:06 DEBUG DataSourceTest:169 - Connected to finalized database
2019-03-01 17:35:06 DEBUG DataSourceTest:53 - Connected to database
2019-03-01 17:35:06 DEBUG DataSourceTest:169 - Connected to finalized database
2019-03-01 17:35:06 DEBUG DataSourceTest:53 - Connected to database
2019-03-01 17:35:06 DEBUG DataSourceTest:169 - Connected to finalized database
2019-03-01 17:35:06 DEBUG DataSourceTest:53 - Connected to database
2019-03-01 17:35:06 DEBUG DataSourceTest:169 - Connected to finalized database
2019-03-01 17:35:06 DEBUG DataSourceTest:53 - Connected to database
2019-03-01 17:35:06 DEBUG DataSourceTest:169 - Connected to finalized database
2019-03-01 17:36:31 DEBUG DataSourceTest:33 - Connected to database
2019-03-01 17:36:33 DEBUG DataSourceTest:149 - Connected to finalized database
2019-03-01 17:36:33 DEBUG DataSourceTest:33 - Connected to database
2019-03-01 17:36:33 DEBUG DataSourceTest:149 - Connected to finalized database
2019-03-01 17:36:33 DEBUG DataSourceTest:33 - Connected to database
2019-03-01 17:36:33 DEBUG DataSourceTest:149 - Connected to finalized database
2019-03-01 17:36:33 DEBUG DataSourceTest:33 - Connected to database
2019-03-01 17:36:33 DEBUG DataSourceTest:149 - Connected to finalized database
2019-03-02 10:07:29 DEBUG DataSourceTest:40 - Connected to database
2019-03-02 10:07:33 DEBUG DataSourceTest:165 - Connected to finalized database
2019-03-02 10:07:33 DEBUG DataSourceTest:40 - Connected to database
2019-03-02 10:07:33 DEBUG DataSourceTest:165 - Connected to finalized database
2019-03-02 10:07:33 DEBUG DataSourceTest:40 - Connected to database
2019-03-02 10:07:34 DEBUG DataSourceTest:165 - Connected to finalized database
2019-03-02 10:07:34 DEBUG DataSourceTest:40 - Connected to database
2019-03-02 10:07:34 DEBUG DataSourceTest:165 - Connected to finalized database
2019-03-02 10:07:34 DEBUG DataSourceTest:40 - Connected to database
2019-03-02 10:07:35 DEBUG DataSourceTest:165 - Connected to finalized database
2019-03-02 10:08:56 DEBUG DataSourceTest:40 - Connected to database
2019-03-02 10:08:57 DEBUG DataSourceTest:165 - Connected to finalized database
2019-03-02 10:08:57 DEBUG DataSourceTest:40 - Connected to database
2019-03-02 10:08:57 DEBUG DataSourceTest:165 - Connected to finalized database
2019-03-02 10:08:57 DEBUG DataSourceTest:40 - Connected to database
2019-03-02 10:08:57 DEBUG DataSourceTest:165 - Connected to finalized database
2019-03-02 10:08:57 DEBUG DataSourceTest:40 - Connected to database
2019-03-02 10:08:57 DEBUG DataSourceTest:165 - Connected to finalized database
2019-03-02 10:08:57 DEBUG DataSourceTest:40 - Connected to database
2019-03-02 10:08:57 DEBUG DataSourceTest:165 - Connected to finalized database
2019-03-02 10:11:06 DEBUG DataSourceTest:40 - Connected to database
2019-03-02 10:11:07 DEBUG DataSourceTest:168 - Connected to finalized database
2019-03-02 10:11:07 DEBUG DataSourceTest:40 - Connected to database
2019-03-02 10:11:07 DEBUG DataSourceTest:168 - Connected to finalized database
2019-03-02 10:11:07 DEBUG DataSourceTest:40 - Connected to database
2019-03-02 10:11:08 DEBUG DataSourceTest:168 - Connected to finalized database
2019-03-02 10:11:08 DEBUG DataSourceTest:40 - Connected to database
2019-03-02 10:11:08 DEBUG DataSourceTest:168 - Connected to finalized database
2019-03-02 10:11:08 DEBUG DataSourceTest:40 - Connected to database
2019-03-02 10:11:08 DEBUG DataSourceTest:168 - Connected to finalized database
2019-03-02 10:12:19 DEBUG DataSourceTest:40 - Connected to database
2019-03-02 10:12:20 DEBUG DataSourceTest:167 - Connected to finalized database
2019-03-02 10:12:20 DEBUG DataSourceTest:40 - Connected to database
2019-03-02 10:12:20 DEBUG DataSourceTest:167 - Connected to finalized database
2019-03-02 10:12:20 DEBUG DataSourceTest:40 - Connected to database
2019-03-02 10:12:21 DEBUG DataSourceTest:167 - Connected to finalized database
2019-03-02 10:12:21 DEBUG DataSourceTest:40 - Connected to database
2019-03-02 10:12:21 DEBUG DataSourceTest:167 - Connected to finalized database
2019-03-02 10:12:21 DEBUG DataSourceTest:40 - Connected to database
2019-03-02 10:12:21 DEBUG DataSourceTest:167 - Connected to finalized database
2019-03-02 10:13:30 DEBUG DataSourceTest:40 - Connected to database
2019-03-02 10:13:32 DEBUG DataSourceTest:167 - Connected to finalized database
2019-03-02 10:13:32 DEBUG DataSourceTest:40 - Connected to database
2019-03-02 10:13:32 DEBUG DataSourceTest:167 - Connected to finalized database
2019-03-02 10:13:32 DEBUG DataSourceTest:40 - Connected to database
2019-03-02 10:13:32 DEBUG DataSourceTest:167 - Connected to finalized database
2019-03-02 10:13:32 DEBUG DataSourceTest:40 - Connected to database
2019-03-02 10:13:32 DEBUG DataSourceTest:167 - Connected to finalized database
2019-03-02 10:13:32 DEBUG DataSourceTest:40 - Connected to database
2019-03-02 10:13:32 DEBUG DataSourceTest:167 - Connected to finalized database
2019-03-02 10:17:02 DEBUG DataSourceTest:40 - Connected to database
2019-03-02 10:17:03 DEBUG DataSourceTest:167 - Connected to finalized database
2019-03-02 10:17:03 DEBUG DataSourceTest:40 - Connected to database
2019-03-02 10:17:03 DEBUG DataSourceTest:167 - Connected to finalized database
2019-03-02 10:17:03 DEBUG DataSourceTest:40 - Connected to database
2019-03-02 10:17:03 DEBUG DataSourceTest:167 - Connected to finalized database
2019-03-02 10:17:03 DEBUG DataSourceTest:40 - Connected to database
2019-03-02 10:17:03 DEBUG DataSourceTest:167 - Connected to finalized database
2019-03-02 10:17:03 DEBUG DataSourceTest:40 - Connected to database
2019-03-02 10:17:03 DEBUG DataSourceTest:167 - Connected to finalized database
2019-03-02 10:17:31 DEBUG DataSourceTest:40 - Connected to database
2019-03-02 10:17:32 DEBUG DataSourceTest:167 - Connected to finalized database
2019-03-02 10:17:32 DEBUG DataSourceTest:40 - Connected to database
2019-03-02 10:17:32 DEBUG DataSourceTest:167 - Connected to finalized database
2019-03-02 10:17:32 DEBUG DataSourceTest:40 - Connected to database
2019-03-02 10:17:32 DEBUG DataSourceTest:167 - Connected to finalized database
2019-03-02 10:17:32 DEBUG DataSourceTest:40 - Connected to database
2019-03-02 10:17:32 DEBUG DataSourceTest:167 - Connected to finalized database
2019-03-02 10:17:32 DEBUG DataSourceTest:40 - Connected to database
2019-03-02 10:17:32 DEBUG DataSourceTest:167 - Connected to finalized database
2019-03-02 10:18:51 DEBUG DataSourceTest:40 - Connected to database
2019-03-02 10:18:52 DEBUG DataSourceTest:167 - Connected to finalized database
2019-03-02 10:18:52 DEBUG DataSourceTest:40 - Connected to database
2019-03-02 10:18:52 DEBUG DataSourceTest:167 - Connected to finalized database
2019-03-02 10:18:52 DEBUG DataSourceTest:40 - Connected to database
2019-03-02 10:18:53 DEBUG DataSourceTest:167 - Connected to finalized database
2019-03-02 10:18:53 DEBUG DataSourceTest:40 - Connected to database
2019-03-02 10:18:53 DEBUG DataSourceTest:167 - Connected to finalized database
2019-03-02 10:18:53 DEBUG DataSourceTest:40 - Connected to database
2019-03-02 10:18:53 DEBUG DataSourceTest:167 - Connected to finalized database
2019-03-02 10:19:14 DEBUG DataSourceTest:40 - Connected to database
2019-03-02 10:19:15 DEBUG DataSourceTest:167 - Connected to finalized database
2019-03-02 10:19:15 DEBUG DataSourceTest:40 - Connected to database
2019-03-02 10:19:15 DEBUG DataSourceTest:154 - oka
2019-03-02 10:19:15 DEBUG DataSourceTest:167 - Connected to finalized database
2019-03-02 10:19:15 DEBUG DataSourceTest:40 - Connected to database
2019-03-02 10:19:15 DEBUG DataSourceTest:167 - Connected to finalized database
2019-03-02 10:19:15 DEBUG DataSourceTest:40 - Connected to database
2019-03-02 10:19:16 DEBUG DataSourceTest:167 - Connected to finalized database
2019-03-02 10:19:16 DEBUG DataSourceTest:40 - Connected to database
2019-03-02 10:19:16 DEBUG DataSourceTest:167 - Connected to finalized database
2019-03-02 10:21:54 DEBUG DataSourceTest:40 - Connected to database
2019-03-02 10:21:55 DEBUG DataSourceTest:169 - Connected to finalized database
2019-03-02 10:21:55 DEBUG DataSourceTest:40 - Connected to database
2019-03-02 10:21:55 INFO  DataSourceTest:157 - class com.capgemini.heskuelita.impl.ConectionPostgre
2019-03-02 10:21:55 INFO  DataSourceTest:158 - class com.capgemini.heskuelita.impl.ConectionPostgre
2019-03-02 10:21:55 DEBUG DataSourceTest:169 - Connected to finalized database
2019-03-02 10:21:55 DEBUG DataSourceTest:40 - Connected to database
2019-03-02 10:21:55 DEBUG DataSourceTest:169 - Connected to finalized database
2019-03-02 10:21:55 DEBUG DataSourceTest:40 - Connected to database
2019-03-02 10:21:56 DEBUG DataSourceTest:169 - Connected to finalized database
2019-03-02 10:21:56 DEBUG DataSourceTest:40 - Connected to database
2019-03-02 10:21:56 DEBUG DataSourceTest:169 - Connected to finalized database
2019-03-02 10:22:20 DEBUG DataSourceTest:40 - Connected to database
2019-03-02 10:22:21 DEBUG DataSourceTest:169 - Connected to finalized database
2019-03-02 10:22:21 DEBUG DataSourceTest:40 - Connected to database
2019-03-02 10:22:21 DEBUG DataSourceTest:169 - Connected to finalized database
2019-03-02 10:22:21 DEBUG DataSourceTest:40 - Connected to database
2019-03-02 10:22:21 DEBUG DataSourceTest:169 - Connected to finalized database
2019-03-02 10:22:21 DEBUG DataSourceTest:40 - Connected to database
2019-03-02 10:22:21 DEBUG DataSourceTest:169 - Connected to finalized database
2019-03-02 10:22:21 DEBUG DataSourceTest:40 - Connected to database
2019-03-02 10:22:22 DEBUG DataSourceTest:169 - Connected to finalized database
2019-03-02 10:22:43 DEBUG DataSourceTest:40 - Connected to database
2019-03-02 10:22:44 DEBUG DataSourceTest:170 - Connected to finalized database
2019-03-02 10:22:44 DEBUG DataSourceTest:40 - Connected to database
2019-03-02 10:22:44 INFO  DataSourceTest:156 - class com.capgemini.heskuelita.impl.ConectionPostgre
2019-03-02 10:22:44 INFO  DataSourceTest:157 - class com.capgemini.heskuelita.impl.ConectionPostgre
2019-03-02 10:22:44 DEBUG DataSourceTest:170 - Connected to finalized database
2019-03-02 10:22:44 DEBUG DataSourceTest:40 - Connected to database
2019-03-02 10:22:44 DEBUG DataSourceTest:170 - Connected to finalized database
2019-03-02 10:22:44 DEBUG DataSourceTest:40 - Connected to database
2019-03-02 10:22:44 DEBUG DataSourceTest:170 - Connected to finalized database
2019-03-02 10:22:44 DEBUG DataSourceTest:40 - Connected to database
2019-03-02 10:22:44 DEBUG DataSourceTest:170 - Connected to finalized database
2019-03-02 10:23:42 DEBUG DataSourceTest:40 - Connected to database
2019-03-02 10:23:43 DEBUG DataSourceTest:170 - Connected to finalized database
2019-03-02 10:23:43 DEBUG DataSourceTest:40 - Connected to database
2019-03-02 10:23:43 INFO  DataSourceTest:161 - class com.capgemini.heskuelita.impl.ConectionPostgre
2019-03-02 10:23:43 INFO  DataSourceTest:162 - class com.capgemini.heskuelita.impl.ConectionPostgre
2019-03-02 10:23:43 DEBUG DataSourceTest:170 - Connected to finalized database
2019-03-02 10:23:43 DEBUG DataSourceTest:40 - Connected to database
2019-03-02 10:23:43 DEBUG DataSourceTest:170 - Connected to finalized database
2019-03-02 10:23:43 DEBUG DataSourceTest:40 - Connected to database
2019-03-02 10:23:43 DEBUG DataSourceTest:170 - Connected to finalized database
2019-03-02 10:23:43 DEBUG DataSourceTest:40 - Connected to database
2019-03-02 10:23:43 DEBUG DataSourceTest:170 - Connected to finalized database
2019-03-02 10:27:51 DEBUG DataSourceTest:40 - Connected to database
2019-03-02 10:27:52 DEBUG DataSourceTest:169 - Connected to finalized database
2019-03-02 10:27:52 DEBUG DataSourceTest:40 - Connected to database
2019-03-02 10:27:52 DEBUG Server:32 - Connected to database
2019-03-02 10:27:52 DEBUG Server:32 - Connected to database
2019-03-02 10:27:52 INFO  DataSourceTest:161 - OK
2019-03-02 10:27:52 DEBUG DataSourceTest:169 - Connected to finalized database
2019-03-02 10:27:52 DEBUG DataSourceTest:40 - Connected to database
2019-03-02 10:27:52 DEBUG DataSourceTest:169 - Connected to finalized database
2019-03-02 10:27:52 DEBUG DataSourceTest:40 - Connected to database
2019-03-02 10:27:52 DEBUG DataSourceTest:169 - Connected to finalized database
2019-03-02 10:27:52 DEBUG DataSourceTest:40 - Connected to database
2019-03-02 10:27:52 DEBUG DataSourceTest:169 - Connected to finalized database
2019-03-02 10:28:59 DEBUG DataSourceTest:40 - Connected to database
2019-03-02 10:29:00 DEBUG DataSourceTest:169 - Connected to finalized database
2019-03-02 10:29:00 DEBUG DataSourceTest:40 - Connected to database
2019-03-02 10:29:00 DEBUG Server:32 - Connected to database
2019-03-02 10:29:00 DEBUG Server:32 - Connected to database
2019-03-02 10:29:00 INFO  DataSourceTest:161 - OK
2019-03-02 10:29:00 DEBUG DataSourceTest:169 - Connected to finalized database
2019-03-02 10:29:00 DEBUG DataSourceTest:40 - Connected to database
2019-03-02 10:29:00 DEBUG DataSourceTest:169 - Connected to finalized database
2019-03-02 10:29:00 DEBUG DataSourceTest:40 - Connected to database
2019-03-02 10:29:00 DEBUG DataSourceTest:169 - Connected to finalized database
2019-03-02 10:29:00 DEBUG DataSourceTest:40 - Connected to database
2019-03-02 10:29:00 DEBUG DataSourceTest:169 - Connected to finalized database
2019-03-02 10:30:04 DEBUG DataSourceTest:40 - Connected to database
2019-03-02 10:30:05 DEBUG DataSourceTest:172 - Connected to finalized database
2019-03-02 10:30:05 DEBUG DataSourceTest:40 - Connected to database
2019-03-02 10:30:05 INFO  DataSourceTest:161 - OK
2019-03-02 10:30:05 DEBUG Server:32 - Connected to database
2019-03-02 10:30:05 DEBUG Server:129 - Connected to finalized database
2019-03-02 10:30:05 DEBUG DataSourceTest:172 - Connected to finalized database
2019-03-02 10:30:05 DEBUG DataSourceTest:40 - Connected to database
2019-03-02 10:30:05 DEBUG DataSourceTest:172 - Connected to finalized database
2019-03-02 10:30:05 DEBUG DataSourceTest:40 - Connected to database
2019-03-02 10:30:05 DEBUG DataSourceTest:172 - Connected to finalized database
2019-03-02 10:30:05 DEBUG DataSourceTest:40 - Connected to database
2019-03-02 10:30:06 DEBUG DataSourceTest:172 - Connected to finalized database
2019-03-02 12:10:40 DEBUG Server:32 - Connected to database
2019-03-02 12:20:24 DEBUG Server:32 - Connected to database
2019-03-02 12:20:26 INFO  Server:63 - student     successfully loaded
2019-03-02 12:23:11 DEBUG Server:32 - Connected to database
2019-03-02 12:26:01 DEBUG Server:32 - Connected to database
2019-03-02 12:26:02 INFO  Server:63 - student Andres Petrizzo successfully loaded
2019-03-02 12:26:02 DEBUG Server:129 - Connected to finalized database
2019-03-02 13:17:37 DEBUG Server:30 - Connected to database
2019-03-02 13:17:38 INFO  Server:142 - 2 Andres Petrizzo
2019-03-02 13:17:38 DEBUG Server:127 - Connected to finalized database
2019-03-02 13:42:36 DEBUG Server:30 - Connected to database
2019-03-02 13:52:36 DEBUG Server:28 - Connected to database
2019-03-02 13:55:10 DEBUG Server:30 - Connected to database
2019-03-02 13:59:04 INFO  DataSourceTest:145 - 2 Andres Petrizzo
2019-03-02 13:59:04 INFO  DataSourceTest:159 - OK
2019-03-02 13:59:04 DEBUG Server:30 - Connected to database
2019-03-02 13:59:04 DEBUG Server:127 - Connected to finalized database
2019-03-02 14:03:03 INFO  DataSourceTest:159 - OK
2019-03-02 14:03:03 DEBUG Server:30 - Connected to database
2019-03-02 14:03:03 DEBUG Server:127 - Connected to finalized database
2019-03-02 14:04:05 DEBUG Server:30 - Connected to database
2019-03-02 14:05:35 DEBUG Server:30 - Connected to database
2019-03-02 14:06:55 DEBUG Server:30 - Connected to database
2019-03-02 14:09:54 DEBUG Server:30 - Connected to database
2019-03-02 14:10:46 DEBUG Server:30 - Connected to database
2019-03-02 14:12:34 DEBUG Server:30 - Connected to database
2019-03-02 14:27:06 DEBUG Server:30 - Connected to database
2019-03-02 14:28:00 DEBUG Server:30 - Connected to database
2019-03-02 14:28:42 DEBUG Server:30 - Connected to database
2019-03-02 14:29:21 DEBUG Server:30 - Connected to database
2019-03-02 14:32:07 DEBUG Server:30 - Connected to database
2019-03-02 14:34:26 DEBUG Server:30 - Connected to database
2019-03-02 14:35:08 DEBUG Server:30 - Connected to database
2019-03-02 14:35:12 INFO  Server:56 - student Andres Petrizzo successfully loaded
2019-03-02 14:36:39 DEBUG Server:30 - Connected to database
2019-03-02 14:37:01 DEBUG Server:30 - Connected to database
2019-03-02 14:37:07 INFO  Server:56 - student Andres Petrizzo successfully loaded
2019-03-02 14:39:21 DEBUG Server:30 - Connected to database
2019-03-02 14:39:25 INFO  Server:56 - student Andres Petrizzo successfully loaded
2019-03-02 14:40:00 DEBUG Server:30 - Connected to database
2019-03-02 14:40:03 INFO  Server:56 - student Andres Petrizzo successfully loaded
2019-03-02 14:40:03 DEBUG Server:93 - Connected to finalized database
2019-03-02 14:59:02 DEBUG ConectionPostgre:38 - Connected to database
2019-03-02 14:59:02 DEBUG ConectionPostgre:38 - Connected to database
2019-03-02 14:59:03 INFO  ConectionPostgre:68 - student     successfully loaded
2019-03-02 14:59:03 INFO  ConectionPostgre:147 - 5    
2019-03-02 14:59:03 DEBUG ConectionPostgre:134 - Connected to finalized database
2019-03-02 15:47:42 DEBUG ConectionPostgre:38 - Connected to database
2019-03-02 15:47:42 DEBUG ConectionPostgre:38 - Connected to database
2019-03-02 15:47:44 INFO  ConectionPostgre:68 - student Andres Petrizzo successfully loaded
2019-03-02 15:47:44 INFO  ConectionPostgre:147 - 6 Andres Petrizzo
2019-03-02 15:47:44 DEBUG ConectionPostgre:134 - Connected to finalized database
2019-03-02 15:47:56 DEBUG ConectionPostgre:37 - Connected to database
2019-03-02 15:47:56 INFO  ConectionPostgre:67 - student Andres Petrizzo successfully loaded
2019-03-02 15:47:56 INFO  ConectionPostgre:146 - 7 Andres Petrizzo
2019-03-02 15:47:56 DEBUG ConectionPostgre:133 - Connected to finalized database
2019-03-02 15:51:54 DEBUG ConectionPostgre:38 - Connected to database
2019-03-02 15:51:55 INFO  ConectionPostgre:68 - student Andres Petrizzo successfully loaded
2019-03-02 15:51:55 INFO  ConectionPostgre:149 - 8 Andres Petrizzo
2019-03-02 15:51:55 DEBUG ConectionPostgre:136 - Connected to finalized database
2019-03-02 15:53:31 DEBUG ConectionPostgre:38 - Connected to database
2019-03-02 15:53:32 INFO  ConectionPostgre:68 - student Andres Petrizzo successfully loaded
2019-03-02 15:53:45 DEBUG ConectionPostgre:38 - Connected to database
2019-03-02 15:53:45 INFO  ConectionPostgre:68 - student Andres Petrizzo successfully loaded
2019-03-02 15:53:46 INFO  ConectionPostgre:149 - 10 Andres Petrizzo
2019-03-02 15:53:46 DEBUG ConectionPostgre:136 - Connected to finalized database
2019-03-02 15:54:00 DEBUG ConectionPostgre:38 - Connected to database
2019-03-02 15:54:00 INFO  ConectionPostgre:68 - student Andres Petrizzo successfully loaded
2019-03-02 15:54:01 DEBUG ConectionPostgre:136 - Connected to finalized database
2019-03-02 15:57:32 DEBUG ConectionPostgre:38 - Connected to database
2019-03-02 15:57:33 INFO  ConectionPostgre:68 - student Andres Petrizzo successfully loaded
2019-03-02 15:57:33 INFO  ConectionPostgre:68 - student Andres P successfully loaded
2019-03-02 15:57:33 INFO  ConectionPostgre:68 - student Carlos Petrizzo successfully loaded
2019-03-02 15:57:33 INFO  ConectionPostgre:68 - student Andres Victor successfully loaded
2019-03-02 15:57:33 DEBUG ConectionPostgre:135 - Connected to finalized database
2019-03-02 15:58:09 DEBUG ConectionPostgre:38 - Connected to database
2019-03-02 15:58:09 INFO  ConectionPostgre:68 - student Andres Petrizzo successfully loaded
2019-03-02 15:58:09 INFO  ConectionPostgre:68 - student Andres P successfully loaded
2019-03-02 15:58:10 INFO  ConectionPostgre:68 - student Carlos Petrizzo successfully loaded
2019-03-02 15:58:10 INFO  ConectionPostgre:68 - student Andres Victor successfully loaded
2019-03-02 15:58:10 INFO  ConectionPostgre:147 - 16 Andres Petrizzo
2019-03-02 15:58:10 INFO  ConectionPostgre:147 - 17 Andres P
2019-03-02 15:58:10 INFO  ConectionPostgre:147 - 19 Andres Victor
2019-03-02 15:58:10 DEBUG ConectionPostgre:134 - Connected to finalized database
2019-03-02 15:58:42 DEBUG ConectionPostgre:38 - Connected to database
2019-03-02 15:58:43 INFO  ConectionPostgre:68 - student Andres Petrizzo successfully loaded
2019-03-02 15:58:43 INFO  ConectionPostgre:68 - student Andres P successfully loaded
2019-03-02 15:58:43 INFO  ConectionPostgre:68 - student Carlos Petrizzo successfully loaded
2019-03-02 15:58:43 INFO  ConectionPostgre:68 - student Andres Victor successfully loaded
2019-03-02 15:58:43 INFO  ConectionPostgre:147 - 16 Andres Petrizzo
2019-03-02 15:58:43 INFO  ConectionPostgre:147 - 17 Andres P
2019-03-02 15:58:43 INFO  ConectionPostgre:147 - 19 Andres Victor
2019-03-02 15:58:43 INFO  ConectionPostgre:147 - 20 Andres Petrizzo
2019-03-02 15:58:43 INFO  ConectionPostgre:147 - 21 Andres P
2019-03-02 15:58:43 INFO  ConectionPostgre:147 - 23 Andres Victor
2019-03-02 15:58:43 DEBUG ConectionPostgre:134 - Connected to finalized database
2019-03-02 16:17:35 DEBUG ConectionPostgre:40 - Connected to database
2019-03-02 16:17:37 INFO  ConectionPostgre:70 - student Andres Petrizzo successfully loaded
2019-03-02 16:17:37 INFO  ConectionPostgre:70 - student Andres P successfully loaded
2019-03-02 16:17:37 INFO  ConectionPostgre:70 - student Carlos Petrizzo successfully loaded
2019-03-02 16:17:37 INFO  ConectionPostgre:70 - student Andres Victor successfully loaded
2019-03-02 16:25:03 DEBUG ConectionPostgre:40 - Connected to database
2019-03-02 16:25:04 INFO  ConectionPostgre:70 - student Andres Petrizzo successfully loaded
2019-03-02 16:25:05 INFO  ConectionPostgre:70 - student Andres P successfully loaded
2019-03-02 16:25:05 INFO  ConectionPostgre:70 - student Carlos Petrizzo successfully loaded
2019-03-02 16:25:05 INFO  ConectionPostgre:70 - student Andres Victor successfully loaded
2019-03-02 16:25:05 INFO  ConectionPostgre:82 - Filter by:/n1) Name2) Last Name3) ID4) Email
2019-03-02 16:25:14 INFO  ConectionPostgre:90 - Ingrese el dato...
2019-03-02 16:25:42 DEBUG ConectionPostgre:40 - Connected to database
2019-03-02 16:25:42 INFO  ConectionPostgre:70 - student Andres Petrizzo successfully loaded
2019-03-02 16:25:42 INFO  ConectionPostgre:70 - student Andres P successfully loaded
2019-03-02 16:25:42 INFO  ConectionPostgre:70 - student Carlos Petrizzo successfully loaded
2019-03-02 16:25:42 INFO  ConectionPostgre:70 - student Andres Victor successfully loaded
2019-03-02 16:25:42 INFO  ConectionPostgre:82 - Filter by:/n1) Name2) Last Name3) ID4) Email
2019-03-02 16:25:47 INFO  ConectionPostgre:91 - Ingrese el dato...
2019-03-02 16:26:57 DEBUG ConectionPostgre:40 - Connected to database
2019-03-02 16:26:59 INFO  ConectionPostgre:70 - student Andres Petrizzo successfully loaded
2019-03-02 16:26:59 INFO  ConectionPostgre:70 - student Andres P successfully loaded
2019-03-02 16:27:00 INFO  ConectionPostgre:70 - student Carlos Petrizzo successfully loaded
2019-03-02 16:27:00 INFO  ConectionPostgre:70 - student Andres Victor successfully loaded
2019-03-02 16:27:00 INFO  ConectionPostgre:82 - Filter by:/n1) Name2) Last Name3) ID4) Email
2019-03-02 16:27:02 INFO  ConectionPostgre:91 - Ingrese el dato...
2019-03-02 16:29:15 DEBUG ConectionPostgre:40 - Connected to database
2019-03-02 16:29:17 INFO  ConectionPostgre:70 - student Andres Petrizzo successfully loaded
2019-03-02 16:29:17 INFO  ConectionPostgre:70 - student Andres P successfully loaded
2019-03-02 16:29:17 INFO  ConectionPostgre:70 - student Carlos Petrizzo successfully loaded
2019-03-02 16:29:17 INFO  ConectionPostgre:70 - student Andres Victor successfully loaded
2019-03-02 16:29:17 INFO  ConectionPostgre:82 - Filter by:/n1) Name2) Last Name3) ID4) Email
2019-03-02 16:29:18 INFO  ConectionPostgre:91 - Ingrese el dato...
2019-03-02 16:31:11 DEBUG ConectionPostgre:40 - Connected to database
2019-03-02 16:31:12 INFO  ConectionPostgre:70 - student Andres Petrizzo successfully loaded
2019-03-02 16:31:12 INFO  ConectionPostgre:70 - student Andres P successfully loaded
2019-03-02 16:31:12 INFO  ConectionPostgre:70 - student Carlos Petrizzo successfully loaded
2019-03-02 16:31:12 INFO  ConectionPostgre:70 - student Andres Victor successfully loaded
2019-03-02 16:31:12 INFO  ConectionPostgre:82 - Filter by:/n1) Name2) Last Name3) ID4) Email
2019-03-02 16:31:16 INFO  ConectionPostgre:91 - Ingrese el dato...
2019-03-02 16:32:59 DEBUG ConectionPostgre:40 - Connected to database
2019-03-02 16:33:00 INFO  ConectionPostgre:70 - student Andres Petrizzo successfully loaded
2019-03-02 16:33:00 INFO  ConectionPostgre:70 - student Andres P successfully loaded
2019-03-02 16:33:00 INFO  ConectionPostgre:70 - student Carlos Petrizzo successfully loaded
2019-03-02 16:33:00 INFO  ConectionPostgre:70 - student Andres Victor successfully loaded
2019-03-02 16:33:00 INFO  ConectionPostgre:82 - Filter by:/n1) Name2) Last Name3) ID4) Email
2019-03-02 16:33:07 DEBUG ConectionPostgre:40 - Connected to database
2019-03-02 16:33:07 INFO  ConectionPostgre:70 - student Andres Petrizzo successfully loaded
2019-03-02 16:33:07 INFO  ConectionPostgre:70 - student Andres P successfully loaded
2019-03-02 16:33:08 INFO  ConectionPostgre:70 - student Carlos Petrizzo successfully loaded
2019-03-02 16:33:08 INFO  ConectionPostgre:70 - student Andres Victor successfully loaded
2019-03-02 16:33:08 INFO  ConectionPostgre:82 - Filter by:/n1) Name2) Last Name3) ID4) Email
2019-03-02 16:33:11 INFO  ConectionPostgre:91 - Ingrese el dato...
2019-03-02 16:33:12 INFO  ConectionPostgre:174 - 16 Andres Petrizzo
2019-03-02 16:33:12 INFO  ConectionPostgre:174 - 17 Andres P
2019-03-02 16:33:12 INFO  ConectionPostgre:174 - 19 Andres Victor
2019-03-02 16:33:12 INFO  ConectionPostgre:174 - 20 Andres Petrizzo
2019-03-02 16:33:12 INFO  ConectionPostgre:174 - 21 Andres P
2019-03-02 16:33:12 INFO  ConectionPostgre:174 - 23 Andres Victor
2019-03-02 16:33:12 INFO  ConectionPostgre:174 - 24 Andres Petrizzo
2019-03-02 16:33:12 INFO  ConectionPostgre:174 - 25 Andres P
2019-03-02 16:33:12 INFO  ConectionPostgre:174 - 27 Andres Victor
2019-03-02 16:33:12 INFO  ConectionPostgre:174 - 28 Andres Petrizzo
2019-03-02 16:33:12 INFO  ConectionPostgre:174 - 29 Andres P
2019-03-02 16:33:12 INFO  ConectionPostgre:174 - 31 Andres Victor
2019-03-02 16:33:12 INFO  ConectionPostgre:174 - 32 Andres Petrizzo
2019-03-02 16:33:12 INFO  ConectionPostgre:174 - 33 Andres P
2019-03-02 16:33:12 INFO  ConectionPostgre:174 - 35 Andres Victor
2019-03-02 16:33:12 INFO  ConectionPostgre:174 - 36 Andres Petrizzo
2019-03-02 16:33:12 INFO  ConectionPostgre:174 - 37 Andres P
2019-03-02 16:33:12 INFO  ConectionPostgre:174 - 39 Andres Victor
2019-03-02 16:33:12 INFO  ConectionPostgre:174 - 40 Andres Petrizzo
2019-03-02 16:33:12 INFO  ConectionPostgre:174 - 41 Andres P
2019-03-02 16:33:12 INFO  ConectionPostgre:174 - 43 Andres Victor
2019-03-02 16:33:12 INFO  ConectionPostgre:174 - 44 Andres Petrizzo
2019-03-02 16:33:12 INFO  ConectionPostgre:174 - 45 Andres P
2019-03-02 16:33:12 INFO  ConectionPostgre:174 - 47 Andres Victor
2019-03-02 16:33:12 INFO  ConectionPostgre:174 - 48 Andres Petrizzo
2019-03-02 16:33:12 INFO  ConectionPostgre:174 - 49 Andres P
2019-03-02 16:33:12 INFO  ConectionPostgre:174 - 51 Andres Victor
2019-03-02 16:33:12 INFO  ConectionPostgre:174 - 52 Andres Petrizzo
2019-03-02 16:33:12 INFO  ConectionPostgre:174 - 53 Andres P
2019-03-02 16:33:12 INFO  ConectionPostgre:174 - 55 Andres Victor
2019-03-02 16:33:12 DEBUG ConectionPostgre:161 - Connected to finalized database
2019-03-02 16:34:36 DEBUG ConectionPostgre:40 - Connected to database
2019-03-02 16:34:37 INFO  ConectionPostgre:70 - student Andres Petrizzo successfully loaded
2019-03-02 16:34:37 INFO  ConectionPostgre:70 - student Andres P successfully loaded
2019-03-02 16:34:37 INFO  ConectionPostgre:70 - student Carlos Petrizzo successfully loaded
2019-03-02 16:34:37 INFO  ConectionPostgre:70 - student Andres Victor successfully loaded
2019-03-02 16:34:37 INFO  ConectionPostgre:82 - Filter by:/n1) Name2) Last Name3) ID4) Email
2019-03-02 16:34:41 INFO  ConectionPostgre:91 - Ingrese el dato...
2019-03-02 16:36:07 DEBUG ConectionPostgre:40 - Connected to database
2019-03-02 16:36:07 INFO  ConectionPostgre:70 - student Andres Petrizzo successfully loaded
2019-03-02 16:36:07 INFO  ConectionPostgre:70 - student Andres P successfully loaded
2019-03-02 16:36:08 INFO  ConectionPostgre:70 - student Carlos Petrizzo successfully loaded
2019-03-02 16:36:08 INFO  ConectionPostgre:70 - student Andres Victor successfully loaded
2019-03-02 16:36:08 INFO  ConectionPostgre:148 - 16 Andres Petrizzo
2019-03-02 16:36:08 INFO  ConectionPostgre:148 - 17 Andres P
2019-03-02 16:36:08 INFO  ConectionPostgre:148 - 19 Andres Victor
2019-03-02 16:36:08 INFO  ConectionPostgre:148 - 20 Andres Petrizzo
2019-03-02 16:36:08 INFO  ConectionPostgre:148 - 21 Andres P
2019-03-02 16:36:08 INFO  ConectionPostgre:148 - 23 Andres Victor
2019-03-02 16:36:08 INFO  ConectionPostgre:148 - 24 Andres Petrizzo
2019-03-02 16:36:08 INFO  ConectionPostgre:148 - 25 Andres P
2019-03-02 16:36:08 INFO  ConectionPostgre:148 - 27 Andres Victor
2019-03-02 16:36:08 INFO  ConectionPostgre:148 - 28 Andres Petrizzo
2019-03-02 16:36:08 INFO  ConectionPostgre:148 - 29 Andres P
2019-03-02 16:36:08 INFO  ConectionPostgre:148 - 31 Andres Victor
2019-03-02 16:36:08 INFO  ConectionPostgre:148 - 32 Andres Petrizzo
2019-03-02 16:36:08 INFO  ConectionPostgre:148 - 33 Andres P
2019-03-02 16:36:08 INFO  ConectionPostgre:148 - 35 Andres Victor
2019-03-02 16:36:08 INFO  ConectionPostgre:148 - 36 Andres Petrizzo
2019-03-02 16:36:08 INFO  ConectionPostgre:148 - 37 Andres P
2019-03-02 16:36:08 INFO  ConectionPostgre:148 - 39 Andres Victor
2019-03-02 16:36:08 INFO  ConectionPostgre:148 - 40 Andres Petrizzo
2019-03-02 16:36:08 INFO  ConectionPostgre:148 - 41 Andres P
2019-03-02 16:36:08 INFO  ConectionPostgre:148 - 43 Andres Victor
2019-03-02 16:36:08 INFO  ConectionPostgre:148 - 44 Andres Petrizzo
2019-03-02 16:36:08 INFO  ConectionPostgre:148 - 45 Andres P
2019-03-02 16:36:08 INFO  ConectionPostgre:148 - 47 Andres Victor
2019-03-02 16:36:08 INFO  ConectionPostgre:148 - 48 Andres Petrizzo
2019-03-02 16:36:08 INFO  ConectionPostgre:148 - 49 Andres P
2019-03-02 16:36:08 INFO  ConectionPostgre:148 - 51 Andres Victor
2019-03-02 16:36:08 INFO  ConectionPostgre:148 - 52 Andres Petrizzo
2019-03-02 16:36:08 INFO  ConectionPostgre:148 - 53 Andres P
2019-03-02 16:36:08 INFO  ConectionPostgre:148 - 55 Andres Victor
2019-03-02 16:36:08 INFO  ConectionPostgre:148 - 56 Andres Petrizzo
2019-03-02 16:36:08 INFO  ConectionPostgre:148 - 57 Andres P
2019-03-02 16:36:08 INFO  ConectionPostgre:148 - 59 Andres Victor
2019-03-02 16:36:08 INFO  ConectionPostgre:148 - 60 Andres Petrizzo
2019-03-02 16:36:08 INFO  ConectionPostgre:148 - 61 Andres P
2019-03-02 16:36:08 INFO  ConectionPostgre:148 - 63 Andres Victor
2019-03-02 16:36:08 DEBUG ConectionPostgre:135 - Connected to finalized database
