2019-02-28 10:42:33 INFO  StudentDataTest:32 - Name: Ramiro
2019-02-28 10:42:33 INFO  StudentDataTest:33 - Surname: Cabello
2019-02-28 10:42:33 INFO  StudentDataTest:34 - DNI: 3775489
2019-02-28 10:42:33 INFO  StudentDataTest:35 - Phone: 152466
2019-02-28 10:42:33 INFO  StudentDataTest:36 - Email: rami.cabello07@gmail.com
2019-02-28 11:07:31 INFO  StudentDataTest:32 - Name: Ramiro
2019-02-28 11:07:31 INFO  StudentDataTest:33 - Surname: Cabello
2019-02-28 11:07:31 INFO  StudentDataTest:34 - DNI: 3775489
2019-02-28 11:07:31 INFO  StudentDataTest:35 - Phone: 152466
2019-02-28 11:07:31 INFO  StudentDataTest:36 - Email: rami.cabello07@gmail.com
2019-02-28 11:18:00 INFO  StudentDataTest:32 - Name: Ramiro
2019-02-28 11:18:00 INFO  StudentDataTest:33 - Surname: Cabello
2019-02-28 11:18:00 INFO  StudentDataTest:34 - DNI: 3775489
2019-02-28 11:18:00 INFO  StudentDataTest:35 - Phone: 152466
2019-02-28 11:18:00 INFO  StudentDataTest:36 - Email: rami.cabello07@gmail.com
2019-02-28 11:18:00 INFO  StudentDataTest:32 - Name: Lionel
2019-02-28 11:18:00 INFO  StudentDataTest:33 - Surname: Messi
2019-02-28 11:18:00 INFO  StudentDataTest:34 - DNI: 20987645
2019-02-28 11:18:00 INFO  StudentDataTest:35 - Phone: 156328
2019-02-28 11:18:00 INFO  StudentDataTest:36 - Email: liomessi@gmail.com
2019-02-28 11:20:03 INFO  StudentDataTest:32 - Name: Ramiro
2019-02-28 11:20:03 INFO  StudentDataTest:33 - Surname: Cabello
2019-02-28 11:20:03 INFO  StudentDataTest:34 - DNI: 3775489
2019-02-28 11:20:03 INFO  StudentDataTest:35 - Phone: 152466
2019-02-28 11:20:03 INFO  StudentDataTest:36 - Email: rami.cabello07@gmail.com
2019-02-28 11:20:03 INFO  StudentDataTest:32 - Name: Lionel
2019-02-28 11:20:03 INFO  StudentDataTest:33 - Surname: Messi
2019-02-28 11:20:03 INFO  StudentDataTest:34 - DNI: 20987645
2019-02-28 11:20:03 INFO  StudentDataTest:35 - Phone: 156328
2019-02-28 11:20:03 INFO  StudentDataTest:36 - Email: liomessi@gmail.com
2019-02-28 11:20:03 INFO  StudentDataTest:32 - Name: Lionel
2019-02-28 11:20:03 INFO  StudentDataTest:33 - Surname: Messi
2019-02-28 11:20:03 INFO  StudentDataTest:34 - DNI: 20987645
2019-02-28 11:20:03 INFO  StudentDataTest:35 - Phone: 156328
2019-02-28 11:20:03 INFO  StudentDataTest:36 - Email: liomessi@gmail.com
2019-02-28 11:26:07 INFO  StudentDataTest:32 - Name: Ramiro
2019-02-28 11:26:07 INFO  StudentDataTest:33 - Surname: Cabello
2019-02-28 11:26:07 INFO  StudentDataTest:34 - DNI: 3775489
2019-02-28 11:26:07 INFO  StudentDataTest:35 - Phone: 152466
2019-02-28 11:26:07 INFO  StudentDataTest:36 - Email: rami.cabello07@gmail.com
2019-02-28 11:26:07 INFO  StudentDataTest:32 - Name: Lionel
2019-02-28 11:26:07 INFO  StudentDataTest:33 - Surname: Messi
2019-02-28 11:26:07 INFO  StudentDataTest:34 - DNI: 20987645
2019-02-28 11:26:07 INFO  StudentDataTest:35 - Phone: 156328
2019-02-28 11:26:07 INFO  StudentDataTest:36 - Email: liomessi@gmail.com
2019-02-28 11:26:07 INFO  StudentDataTest:32 - Name: Lionel
2019-02-28 11:26:07 INFO  StudentDataTest:33 - Surname: Messi
2019-02-28 11:26:07 INFO  StudentDataTest:34 - DNI: 20987645
2019-02-28 11:26:07 INFO  StudentDataTest:35 - Phone: 156328
2019-02-28 11:26:07 INFO  StudentDataTest:36 - Email: liomessi@gmail.com
2019-02-28 11:26:07 INFO  StudentDataTest:32 - Name: Lionel
2019-02-28 11:26:07 INFO  StudentDataTest:33 - Surname: Messi
2019-02-28 11:26:07 INFO  StudentDataTest:34 - DNI: 20987645
2019-02-28 11:26:07 INFO  StudentDataTest:35 - Phone: 156328
2019-02-28 11:26:07 INFO  StudentDataTest:36 - Email: liomessi@gmail.com
2019-02-28 11:26:07 INFO  StudentDataTest:32 - Name: Lionel
2019-02-28 11:26:07 INFO  StudentDataTest:33 - Surname: Messi
2019-02-28 11:26:07 INFO  StudentDataTest:34 - DNI: 20987645
2019-02-28 11:26:07 INFO  StudentDataTest:35 - Phone: 156328
2019-02-28 11:26:07 INFO  StudentDataTest:36 - Email: liomessi@gmail.com
2019-02-28 11:26:07 INFO  StudentDataTest:32 - Name: Lionel
2019-02-28 11:26:07 INFO  StudentDataTest:33 - Surname: Messi
2019-02-28 11:26:07 INFO  StudentDataTest:34 - DNI: 20987645
2019-02-28 11:26:07 INFO  StudentDataTest:35 - Phone: 156328
2019-02-28 11:26:07 INFO  StudentDataTest:36 - Email: liomessi@gmail.com
2019-02-28 11:26:07 INFO  StudentDataTest:32 - Name: Lionel
2019-02-28 11:26:07 INFO  StudentDataTest:33 - Surname: Messi
2019-02-28 11:26:07 INFO  StudentDataTest:34 - DNI: 20987645
2019-02-28 11:26:07 INFO  StudentDataTest:35 - Phone: 156328
2019-02-28 11:26:07 INFO  StudentDataTest:36 - Email: liomessi@gmail.com
2019-02-28 11:38:59 INFO  StudentDataTest:32 - Name: Ramiro
2019-02-28 11:38:59 INFO  StudentDataTest:33 - Surname: Cabello
2019-02-28 11:38:59 INFO  StudentDataTest:34 - DNI: 3775489
2019-02-28 11:38:59 INFO  StudentDataTest:35 - Phone: 152466
2019-02-28 11:38:59 INFO  StudentDataTest:36 - Email: rami.cabello07@gmail.com
2019-02-28 11:38:59 INFO  StudentDataTest:32 - Name: Lionel
2019-02-28 11:38:59 INFO  StudentDataTest:33 - Surname: Messi
2019-02-28 11:38:59 INFO  StudentDataTest:34 - DNI: 20987645
2019-02-28 11:38:59 INFO  StudentDataTest:35 - Phone: 156328
2019-02-28 11:38:59 INFO  StudentDataTest:36 - Email: liomessi@gmail.com
2019-02-28 11:38:59 INFO  StudentDataTest:32 - Name: Lionel
2019-02-28 11:38:59 INFO  StudentDataTest:33 - Surname: Messi
2019-02-28 11:38:59 INFO  StudentDataTest:34 - DNI: 20987645
2019-02-28 11:38:59 INFO  StudentDataTest:35 - Phone: 156328
2019-02-28 11:38:59 INFO  StudentDataTest:36 - Email: liomessi@gmail.com
2019-02-28 11:38:59 INFO  StudentDataTest:32 - Name: Lionel
2019-02-28 11:38:59 INFO  StudentDataTest:33 - Surname: Messi
2019-02-28 11:38:59 INFO  StudentDataTest:34 - DNI: 20987645
2019-02-28 11:38:59 INFO  StudentDataTest:35 - Phone: 156328
2019-02-28 11:38:59 INFO  StudentDataTest:36 - Email: liomessi@gmail.com
2019-02-28 11:38:59 INFO  StudentDataTest:32 - Name: Lionel
2019-02-28 11:38:59 INFO  StudentDataTest:33 - Surname: Messi
2019-02-28 11:38:59 INFO  StudentDataTest:34 - DNI: 20987645
2019-02-28 11:38:59 INFO  StudentDataTest:35 - Phone: 156328
2019-02-28 11:38:59 INFO  StudentDataTest:36 - Email: liomessi@gmail.com
2019-02-28 11:38:59 INFO  StudentDataTest:32 - Name: Lionel
2019-02-28 11:38:59 INFO  StudentDataTest:33 - Surname: Messi
2019-02-28 11:38:59 INFO  StudentDataTest:34 - DNI: 20987645
2019-02-28 11:38:59 INFO  StudentDataTest:35 - Phone: 156328
2019-02-28 11:38:59 INFO  StudentDataTest:36 - Email: liomessi@gmail.com
2019-02-28 11:38:59 INFO  StudentDataTest:32 - Name: Lionel
2019-02-28 11:38:59 INFO  StudentDataTest:33 - Surname: Messi
2019-02-28 11:38:59 INFO  StudentDataTest:34 - DNI: 20987645
2019-02-28 11:38:59 INFO  StudentDataTest:35 - Phone: 156328
2019-02-28 11:38:59 INFO  StudentDataTest:36 - Email: liomessi@gmail.com
2019-02-28 11:38:59 INFO  StudentDataTest:32 - Name: Lionel
2019-02-28 11:38:59 INFO  StudentDataTest:33 - Surname: Messi
2019-02-28 11:38:59 INFO  StudentDataTest:34 - DNI: 20987645
2019-02-28 11:38:59 INFO  StudentDataTest:35 - Phone: 156328
2019-02-28 11:38:59 INFO  StudentDataTest:36 - Email: liomessi@gmail.com
2019-02-28 11:38:59 INFO  StudentDataTest:32 - Name: Lionel
2019-02-28 11:38:59 INFO  StudentDataTest:33 - Surname: Messi
2019-02-28 11:38:59 INFO  StudentDataTest:34 - DNI: 20987645
2019-02-28 11:38:59 INFO  StudentDataTest:35 - Phone: 156328
2019-02-28 11:38:59 INFO  StudentDataTest:36 - Email: liomessi@gmail.com
2019-02-28 11:39:51 INFO  StudentDataTest:32 - Name: Ramiro
2019-02-28 11:39:51 INFO  StudentDataTest:33 - Surname: Cabello
2019-02-28 11:39:51 INFO  StudentDataTest:34 - DNI: 3775489
2019-02-28 11:39:51 INFO  StudentDataTest:35 - Phone: 152466
2019-02-28 11:39:51 INFO  StudentDataTest:36 - Email: rami.cabello07@gmail.com
2019-02-28 11:39:51 INFO  StudentDataTest:32 - Name: Lionel
2019-02-28 11:39:51 INFO  StudentDataTest:33 - Surname: Messi
2019-02-28 11:39:51 INFO  StudentDataTest:34 - DNI: 20987645
2019-02-28 11:39:51 INFO  StudentDataTest:35 - Phone: 156328
2019-02-28 11:39:51 INFO  StudentDataTest:36 - Email: liomessi@gmail.com
2019-02-28 11:39:51 INFO  StudentDataTest:32 - Name: Lionel
2019-02-28 11:39:51 INFO  StudentDataTest:33 - Surname: Messi
2019-02-28 11:39:51 INFO  StudentDataTest:34 - DNI: 20987645
2019-02-28 11:39:51 INFO  StudentDataTest:35 - Phone: 156328
2019-02-28 11:39:51 INFO  StudentDataTest:36 - Email: liomessi@gmail.com
2019-02-28 11:39:51 INFO  StudentDataTest:32 - Name: Lionel
2019-02-28 11:39:51 INFO  StudentDataTest:33 - Surname: Messi
2019-02-28 11:39:51 INFO  StudentDataTest:34 - DNI: 20987645
2019-02-28 11:39:51 INFO  StudentDataTest:35 - Phone: 156328
2019-02-28 11:39:51 INFO  StudentDataTest:36 - Email: liomessi@gmail.com
2019-02-28 11:39:51 INFO  StudentDataTest:32 - Name: Lionel
2019-02-28 11:39:51 INFO  StudentDataTest:33 - Surname: Messi
2019-02-28 11:39:51 INFO  StudentDataTest:34 - DNI: 20987645
2019-02-28 11:39:51 INFO  StudentDataTest:35 - Phone: 156328
2019-02-28 11:39:51 INFO  StudentDataTest:36 - Email: liomessi@gmail.com
2019-02-28 11:39:51 INFO  StudentDataTest:32 - Name: Lionel
2019-02-28 11:39:51 INFO  StudentDataTest:33 - Surname: Messi
2019-02-28 11:39:51 INFO  StudentDataTest:34 - DNI: 20987645
2019-02-28 11:39:51 INFO  StudentDataTest:35 - Phone: 156328
2019-02-28 11:39:51 INFO  StudentDataTest:36 - Email: liomessi@gmail.com
2019-02-28 11:39:51 INFO  StudentDataTest:32 - Name: Lionel
2019-02-28 11:39:51 INFO  StudentDataTest:33 - Surname: Messi
2019-02-28 11:39:51 INFO  StudentDataTest:34 - DNI: 20987645
2019-02-28 11:39:51 INFO  StudentDataTest:35 - Phone: 156328
2019-02-28 11:39:51 INFO  StudentDataTest:36 - Email: liomessi@gmail.com
2019-02-28 11:39:51 INFO  StudentDataTest:32 - Name: Lionel
2019-02-28 11:39:51 INFO  StudentDataTest:33 - Surname: Messi
2019-02-28 11:39:51 INFO  StudentDataTest:34 - DNI: 20987645
2019-02-28 11:39:51 INFO  StudentDataTest:35 - Phone: 156328
2019-02-28 11:39:51 INFO  StudentDataTest:36 - Email: liomessi@gmail.com
2019-02-28 11:39:51 INFO  StudentDataTest:32 - Name: Lionel
2019-02-28 11:39:51 INFO  StudentDataTest:33 - Surname: Messi
2019-02-28 11:39:51 INFO  StudentDataTest:34 - DNI: 20987645
2019-02-28 11:39:51 INFO  StudentDataTest:35 - Phone: 156328
2019-02-28 11:39:51 INFO  StudentDataTest:36 - Email: liomessi@gmail.com
2019-02-28 11:39:51 INFO  StudentDataTest:32 - Name: Lionel
2019-02-28 11:39:51 INFO  StudentDataTest:33 - Surname: Messi
2019-02-28 11:39:51 INFO  StudentDataTest:34 - DNI: 20987645
2019-02-28 11:39:51 INFO  StudentDataTest:35 - Phone: 156328
2019-02-28 11:39:51 INFO  StudentDataTest:36 - Email: liomessi@gmail.com
2019-02-28 11:39:51 INFO  StudentDataTest:32 - Name: Lionel
2019-02-28 11:39:51 INFO  StudentDataTest:33 - Surname: Messi
2019-02-28 11:39:51 INFO  StudentDataTest:34 - DNI: 20987645
2019-02-28 11:39:51 INFO  StudentDataTest:35 - Phone: 156328
2019-02-28 11:39:51 INFO  StudentDataTest:36 - Email: liomessi@gmail.com
2019-02-28 23:32:32 INFO  TeacherDataTest:31 - Name: Luca
2019-02-28 23:32:32 INFO  TeacherDataTest:32 - Surname: Modric
2019-02-28 23:32:32 INFO  TeacherDataTest:33 - DNI: 26904145
2019-02-28 23:32:32 INFO  TeacherDataTest:34 - Phone: 1513999729
2019-02-28 23:32:32 INFO  TeacherDataTest:35 - Email: modric@yahoo.com
2019-03-01 00:27:39 INFO  TeacherDataTest:31 - Name: Luca
2019-03-01 00:27:39 INFO  TeacherDataTest:32 - Surname: Modric
2019-03-01 00:27:39 INFO  TeacherDataTest:33 - DNI: 26904145
2019-03-01 00:27:39 INFO  TeacherDataTest:34 - Phone: 1513999729
2019-03-01 00:27:39 INFO  TeacherDataTest:35 - Email: modric@yahoo.com
2019-03-01 19:36:33 INFO  StudentDataTest:33 - Name: Lionel
2019-03-01 19:36:33 INFO  StudentDataTest:34 - Surname: Messi
2019-03-01 19:36:33 INFO  StudentDataTest:35 - DNI: 20987645
2019-03-01 19:36:33 INFO  StudentDataTest:36 - Phone: 1563289763
2019-03-01 19:36:33 INFO  StudentDataTest:37 - Email: liomessi@gmail.com
2019-03-01 19:36:33 INFO  StudentDataTest:33 - Name: Cristiano
2019-03-01 19:36:33 INFO  StudentDataTest:34 - Surname: Ronaldo
2019-03-01 19:36:33 INFO  StudentDataTest:35 - DNI: 20987345
2019-03-01 19:36:33 INFO  StudentDataTest:36 - Phone: 1567893361
2019-03-01 19:36:33 INFO  StudentDataTest:37 - Email: ronaldo@hotmail.com
